mode: atomic
github.com/JailtonJunior94/devkit-go/examples/httpserver/main.go:15.13,17.103 1 0
github.com/JailtonJunior94/devkit-go/examples/httpserver/main.go:17.103,22.4 3 0
github.com/JailtonJunior94/devkit-go/examples/httpserver/main.go:23.101,25.4 1 0
github.com/JailtonJunior94/devkit-go/examples/httpserver/main.go:28.2,41.12 5 0
github.com/JailtonJunior94/devkit-go/examples/httpserver/main.go:41.12,42.84 1 0
github.com/JailtonJunior94/devkit-go/examples/httpserver/main.go:42.84,44.4 1 0
github.com/JailtonJunior94/devkit-go/examples/httpserver/main.go:47.2,48.55 2 0
github.com/JailtonJunior94/devkit-go/examples/httpserver/main.go:48.55,50.3 1 0
github.com/JailtonJunior94/devkit-go/examples/order/main.go:10.13,19.48 2 0
github.com/JailtonJunior94/devkit-go/examples/order/main.go:19.48,21.4 1 0
github.com/JailtonJunior94/devkit-go/examples/order/main.go:24.2,27.48 1 0
github.com/JailtonJunior94/devkit-go/examples/order/main.go:27.48,29.4 1 0
github.com/JailtonJunior94/devkit-go/examples/order/main.go:32.2,33.16 2 0
github.com/JailtonJunior94/devkit-go/examples/order/api/api.go:49.32,51.2 1 0
github.com/JailtonJunior94/devkit-go/examples/order/api/api.go:53.27,55.16 2 0
github.com/JailtonJunior94/devkit-go/examples/order/api/api.go:55.16,57.3 1 0
github.com/JailtonJunior94/devkit-go/examples/order/api/api.go:58.2,61.16 3 0
github.com/JailtonJunior94/devkit-go/examples/order/api/api.go:61.16,63.3 1 0
github.com/JailtonJunior94/devkit-go/examples/order/api/api.go:64.2,75.16 3 0
github.com/JailtonJunior94/devkit-go/examples/order/api/api.go:75.16,77.3 1 0
github.com/JailtonJunior94/devkit-go/examples/order/api/api.go:78.2,81.103 2 0
github.com/JailtonJunior94/devkit-go/examples/order/api/api.go:81.103,91.18 5 0
github.com/JailtonJunior94/devkit-go/examples/order/api/api.go:91.18,93.5 1 0
github.com/JailtonJunior94/devkit-go/examples/order/api/api.go:95.4,99.18 2 0
github.com/JailtonJunior94/devkit-go/examples/order/api/api.go:99.18,101.5 1 0
github.com/JailtonJunior94/devkit-go/examples/order/api/api.go:102.4,102.14 1 0
github.com/JailtonJunior94/devkit-go/examples/order/api/api.go:106.2,119.12 5 0
github.com/JailtonJunior94/devkit-go/examples/order/api/api.go:119.12,120.84 1 0
github.com/JailtonJunior94/devkit-go/examples/order/api/api.go:120.84,122.4 1 0
github.com/JailtonJunior94/devkit-go/examples/order/api/api.go:125.2,126.55 2 0
github.com/JailtonJunior94/devkit-go/examples/order/api/api.go:126.55,128.3 1 0
github.com/JailtonJunior94/devkit-go/examples/order/consumer/consumer.go:34.30,36.2 1 0
github.com/JailtonJunior94/devkit-go/examples/order/consumer/consumer.go:38.26,40.16 2 0
github.com/JailtonJunior94/devkit-go/examples/order/consumer/consumer.go:40.16,42.3 1 0
github.com/JailtonJunior94/devkit-go/examples/order/consumer/consumer.go:43.2,46.16 3 0
github.com/JailtonJunior94/devkit-go/examples/order/consumer/consumer.go:46.16,48.3 1 0
github.com/JailtonJunior94/devkit-go/examples/order/consumer/consumer.go:49.2,57.16 3 0
github.com/JailtonJunior94/devkit-go/examples/order/consumer/consumer.go:57.16,59.3 1 0
github.com/JailtonJunior94/devkit-go/examples/order/consumer/consumer.go:61.2,64.63 3 0
github.com/JailtonJunior94/devkit-go/examples/order/consumer/consumer.go:64.63,66.3 1 0
github.com/JailtonJunior94/devkit-go/examples/order/consumer/consumer.go:68.2,69.11 2 0
github.com/JailtonJunior94/devkit-go/examples/order/consumer/consumer.go:72.92,76.2 3 0
github.com/JailtonJunior94/devkit-go/examples/order/consumer/consumer.go:78.92,82.2 3 0
github.com/JailtonJunior94/devkit-go/examples/order-kafka/main.go:10.13,19.48 2 0
github.com/JailtonJunior94/devkit-go/examples/order-kafka/main.go:19.48,21.4 1 0
github.com/JailtonJunior94/devkit-go/examples/order-kafka/main.go:24.2,27.48 1 0
github.com/JailtonJunior94/devkit-go/examples/order-kafka/main.go:27.48,29.4 1 0
github.com/JailtonJunior94/devkit-go/examples/order-kafka/main.go:32.2,33.16 2 0
github.com/JailtonJunior94/devkit-go/examples/order-kafka/api/api.go:21.32,23.2 1 0
github.com/JailtonJunior94/devkit-go/examples/order-kafka/api/api.go:30.27,34.16 3 0
github.com/JailtonJunior94/devkit-go/examples/order-kafka/api/api.go:34.16,36.3 1 0
github.com/JailtonJunior94/devkit-go/examples/order-kafka/api/api.go:37.2,40.16 3 0
github.com/JailtonJunior94/devkit-go/examples/order-kafka/api/api.go:40.16,42.3 1 0
github.com/JailtonJunior94/devkit-go/examples/order-kafka/api/api.go:43.2,46.29 3 0
github.com/JailtonJunior94/devkit-go/examples/order-kafka/api/api.go:46.29,48.17 2 0
github.com/JailtonJunior94/devkit-go/examples/order-kafka/api/api.go:48.17,50.12 2 0
github.com/JailtonJunior94/devkit-go/examples/order-kafka/api/api.go:53.3,53.111 1 0
github.com/JailtonJunior94/devkit-go/examples/order-kafka/api/api.go:53.111,55.12 2 0
github.com/JailtonJunior94/devkit-go/examples/order-kafka/api/api.go:137.2,138.103 1 0
github.com/JailtonJunior94/devkit-go/examples/order-kafka/api/api.go:138.103,148.18 5 0
github.com/JailtonJunior94/devkit-go/examples/order-kafka/api/api.go:148.18,150.5 1 0
github.com/JailtonJunior94/devkit-go/examples/order-kafka/api/api.go:152.4,156.18 2 0
github.com/JailtonJunior94/devkit-go/examples/order-kafka/api/api.go:156.18,158.5 1 0
github.com/JailtonJunior94/devkit-go/examples/order-kafka/api/api.go:159.4,159.14 1 0
github.com/JailtonJunior94/devkit-go/examples/order-kafka/api/api.go:163.2,176.12 5 0
github.com/JailtonJunior94/devkit-go/examples/order-kafka/api/api.go:176.12,177.84 1 0
github.com/JailtonJunior94/devkit-go/examples/order-kafka/api/api.go:177.84,179.4 1 0
github.com/JailtonJunior94/devkit-go/examples/order-kafka/api/api.go:182.2,183.55 2 0
github.com/JailtonJunior94/devkit-go/examples/order-kafka/api/api.go:183.55,185.3 1 0
github.com/JailtonJunior94/devkit-go/examples/order-kafka/consumer/consumer.go:18.30,20.2 1 0
github.com/JailtonJunior94/devkit-go/examples/order-kafka/consumer/consumer.go:22.26,26.16 3 0
github.com/JailtonJunior94/devkit-go/examples/order-kafka/consumer/consumer.go:26.16,28.3 1 0
github.com/JailtonJunior94/devkit-go/examples/order-kafka/consumer/consumer.go:29.2,43.16 5 0
github.com/JailtonJunior94/devkit-go/examples/order-kafka/consumer/consumer.go:43.16,45.3 1 0
github.com/JailtonJunior94/devkit-go/examples/order-kafka/consumer/consumer.go:48.2,48.103 1 0
github.com/JailtonJunior94/devkit-go/examples/order-kafka/consumer/consumer.go:48.103,51.3 2 0
github.com/JailtonJunior94/devkit-go/examples/order-kafka/consumer/consumer.go:54.2,54.64 1 0
github.com/JailtonJunior94/devkit-go/examples/order-kafka/consumer/consumer.go:54.64,56.3 1 0
github.com/JailtonJunior94/devkit-go/examples/order-kafka/consumer/consumer.go:58.2,59.11 2 0
github.com/JailtonJunior94/devkit-go/examples/order-kafka/consumer/consumer.go:62.92,69.2 1 0
github.com/JailtonJunior94/devkit-go/examples/order-kafka/consumer/consumer.go:71.92,75.2 3 0
github.com/JailtonJunior94/devkit-go/pkg/encrypt/hash.go:15.35,17.2 1 0
github.com/JailtonJunior94/devkit-go/pkg/encrypt/hash.go:19.64,22.2 2 0
github.com/JailtonJunior94/devkit-go/pkg/encrypt/hash.go:24.56,27.2 2 0
github.com/JailtonJunior94/devkit-go/pkg/logger/zap.go:16.25,38.16 5 0
github.com/JailtonJunior94/devkit-go/pkg/logger/zap.go:38.16,40.3 1 0
github.com/JailtonJunior94/devkit-go/pkg/logger/zap.go:41.2,42.35 2 0
github.com/JailtonJunior94/devkit-go/pkg/logger/zap.go:45.55,48.2 2 0
github.com/JailtonJunior94/devkit-go/pkg/logger/zap.go:50.56,53.2 2 0
github.com/JailtonJunior94/devkit-go/pkg/logger/zap.go:55.56,58.2 2 0
github.com/JailtonJunior94/devkit-go/pkg/logger/zap.go:60.55,63.2 2 0
github.com/JailtonJunior94/devkit-go/pkg/logger/zap.go:65.56,68.2 2 0
github.com/JailtonJunior94/devkit-go/pkg/logger/zap.go:70.56,72.2 1 0
github.com/JailtonJunior94/devkit-go/pkg/logger/zap.go:74.69,76.31 2 0
github.com/JailtonJunior94/devkit-go/pkg/logger/zap.go:76.31,78.3 1 0
github.com/JailtonJunior94/devkit-go/pkg/logger/zap.go:79.2,79.21 1 0
github.com/JailtonJunior94/devkit-go/pkg/linq/slices.go:7.53,9.33 2 0
github.com/JailtonJunior94/devkit-go/pkg/linq/slices.go:9.33,10.15 1 0
github.com/JailtonJunior94/devkit-go/pkg/linq/slices.go:10.15,12.4 1 0
github.com/JailtonJunior94/devkit-go/pkg/linq/slices.go:14.2,14.17 1 0
github.com/JailtonJunior94/devkit-go/pkg/linq/slices.go:19.49,21.29 2 0
github.com/JailtonJunior94/devkit-go/pkg/linq/slices.go:21.29,22.15 1 0
github.com/JailtonJunior94/devkit-go/pkg/linq/slices.go:22.15,24.4 1 0
github.com/JailtonJunior94/devkit-go/pkg/linq/slices.go:26.2,26.14 1 0
github.com/JailtonJunior94/devkit-go/pkg/linq/slices.go:31.53,33.33 2 0
github.com/JailtonJunior94/devkit-go/pkg/linq/slices.go:33.33,34.15 1 0
github.com/JailtonJunior94/devkit-go/pkg/linq/slices.go:34.15,36.4 1 0
github.com/JailtonJunior94/devkit-go/pkg/linq/slices.go:38.2,38.17 1 0
github.com/JailtonJunior94/devkit-go/pkg/linq/slices.go:43.53,45.33 2 0
github.com/JailtonJunior94/devkit-go/pkg/linq/slices.go:45.33,47.3 1 0
github.com/JailtonJunior94/devkit-go/pkg/linq/slices.go:48.2,48.17 1 0
github.com/JailtonJunior94/devkit-go/pkg/linq/slices.go:53.78,55.29 2 0
github.com/JailtonJunior94/devkit-go/pkg/linq/slices.go:55.29,58.3 2 0
github.com/JailtonJunior94/devkit-go/pkg/linq/slices.go:59.2,59.16 1 0
github.com/JailtonJunior94/devkit-go/pkg/linq/slices.go:64.51,66.29 2 0
github.com/JailtonJunior94/devkit-go/pkg/linq/slices.go:66.29,68.3 1 0
github.com/JailtonJunior94/devkit-go/pkg/linq/slices.go:69.2,69.12 1 0
github.com/JailtonJunior94/devkit-go/pkg/httpserver/middlewares.go:14.48,15.71 1 0
github.com/JailtonJunior94/devkit-go/pkg/httpserver/middlewares.go:15.71,17.17 2 0
github.com/JailtonJunior94/devkit-go/pkg/httpserver/middlewares.go:17.17,20.4 2 0
github.com/JailtonJunior94/devkit-go/pkg/httpserver/middlewares.go:21.3,23.23 3 0
github.com/JailtonJunior94/devkit-go/pkg/httpserver/server.go:40.36,42.33 2 0
github.com/JailtonJunior94/devkit-go/pkg/httpserver/server.go:42.33,44.3 1 0
github.com/JailtonJunior94/devkit-go/pkg/httpserver/server.go:46.2,58.12 4 0
github.com/JailtonJunior94/devkit-go/pkg/httpserver/server.go:61.48,63.2 1 0
github.com/JailtonJunior94/devkit-go/pkg/httpserver/server.go:65.33,66.12 1 0
github.com/JailtonJunior94/devkit-go/pkg/httpserver/server.go:66.12,68.3 1 0
github.com/JailtonJunior94/devkit-go/pkg/httpserver/server.go:69.2,69.26 1 0
github.com/JailtonJunior94/devkit-go/pkg/httpserver/server.go:72.70,75.2 2 0
github.com/JailtonJunior94/devkit-go/pkg/httpserver/server.go:77.86,84.2 1 0
github.com/JailtonJunior94/devkit-go/pkg/httpserver/server.go:86.77,88.29 2 0
github.com/JailtonJunior94/devkit-go/pkg/httpserver/server.go:88.29,90.3 1 0
github.com/JailtonJunior94/devkit-go/pkg/httpserver/server.go:91.2,91.16 1 0
github.com/JailtonJunior94/devkit-go/pkg/httpserver/server.go:94.45,96.2 1 0
github.com/JailtonJunior94/devkit-go/pkg/httpserver/server.go:98.32,99.29 1 0
github.com/JailtonJunior94/devkit-go/pkg/httpserver/server.go:99.29,108.3 1 0
github.com/JailtonJunior94/devkit-go/pkg/httpserver/server.go:111.80,113.2 1 0
github.com/JailtonJunior94/devkit-go/pkg/httpserver/server.go:115.79,116.73 1 0
github.com/JailtonJunior94/devkit-go/pkg/httpserver/server.go:116.73,117.41 1 0
github.com/JailtonJunior94/devkit-go/pkg/httpserver/server.go:117.41,119.4 1 0
github.com/JailtonJunior94/devkit-go/pkg/httpserver/server_options.go:24.35,25.35 1 0
github.com/JailtonJunior94/devkit-go/pkg/httpserver/server_options.go:25.35,28.3 2 0
github.com/JailtonJunior94/devkit-go/pkg/httpserver/server_options.go:31.41,32.35 1 0
github.com/JailtonJunior94/devkit-go/pkg/httpserver/server_options.go:32.35,35.3 2 0
github.com/JailtonJunior94/devkit-go/pkg/httpserver/server_options.go:38.56,39.35 1 0
github.com/JailtonJunior94/devkit-go/pkg/httpserver/server_options.go:39.35,42.3 2 0
github.com/JailtonJunior94/devkit-go/pkg/httpserver/server_options.go:45.52,46.35 1 0
github.com/JailtonJunior94/devkit-go/pkg/httpserver/server_options.go:46.35,49.3 2 0
github.com/JailtonJunior94/devkit-go/pkg/entity/entity.go:16.35,18.2 1 0
github.com/JailtonJunior94/devkit-go/pkg/httpclient/client.go:11.33,13.2 1 1
github.com/JailtonJunior94/devkit-go/pkg/httpclient/request.go:10.178,12.16 2 1
github.com/JailtonJunior94/devkit-go/pkg/httpclient/request.go:12.16,14.3 1 0
github.com/JailtonJunior94/devkit-go/pkg/httpclient/request.go:16.2,16.34 1 1
github.com/JailtonJunior94/devkit-go/pkg/httpclient/request.go:16.34,18.3 1 0
github.com/JailtonJunior94/devkit-go/pkg/httpclient/request.go:20.2,21.16 2 1
github.com/JailtonJunior94/devkit-go/pkg/httpclient/request.go:21.16,23.3 1 0
github.com/JailtonJunior94/devkit-go/pkg/httpclient/request.go:25.2,25.21 1 1
github.com/JailtonJunior94/devkit-go/pkg/httpclient/request.go:25.21,27.3 1 1
github.com/JailtonJunior94/devkit-go/pkg/httpclient/request.go:29.2,29.60 1 1
github.com/JailtonJunior94/devkit-go/pkg/httpclient/request.go:29.60,31.79 2 0
github.com/JailtonJunior94/devkit-go/pkg/httpclient/request.go:31.79,33.4 1 0
github.com/JailtonJunior94/devkit-go/pkg/httpclient/request.go:34.3,34.33 1 0
github.com/JailtonJunior94/devkit-go/pkg/httpclient/request.go:37.2,38.80 2 1
github.com/JailtonJunior94/devkit-go/pkg/httpclient/request.go:38.80,40.3 1 0
github.com/JailtonJunior94/devkit-go/pkg/httpclient/request.go:41.2,41.34 1 1
github.com/JailtonJunior94/devkit-go/pkg/httpclient/retryable.go:20.59,25.33 2 1
github.com/JailtonJunior94/devkit-go/pkg/httpclient/retryable.go:25.33,27.3 1 3
github.com/JailtonJunior94/devkit-go/pkg/httpclient/retryable.go:29.2,31.3 1 1
github.com/JailtonJunior94/devkit-go/pkg/httpclient/retryable.go:34.83,36.21 2 1
github.com/JailtonJunior94/devkit-go/pkg/httpclient/retryable.go:36.21,39.3 2 0
github.com/JailtonJunior94/devkit-go/pkg/httpclient/retryable.go:41.2,44.57 3 1
github.com/JailtonJunior94/devkit-go/pkg/httpclient/retryable.go:44.57,48.22 3 2
github.com/JailtonJunior94/devkit-go/pkg/httpclient/retryable.go:48.22,50.4 1 0
github.com/JailtonJunior94/devkit-go/pkg/httpclient/retryable.go:52.3,53.12 2 2
github.com/JailtonJunior94/devkit-go/pkg/httpclient/retryable.go:56.2,56.18 1 1
github.com/JailtonJunior94/devkit-go/pkg/httpclient/retryable.go:59.61,60.22 1 2
github.com/JailtonJunior94/devkit-go/pkg/httpclient/retryable.go:60.22,63.3 2 2
github.com/JailtonJunior94/devkit-go/pkg/httpclient/retryable.go:66.44,67.54 1 1
github.com/JailtonJunior94/devkit-go/pkg/httpclient/retryable.go:67.54,69.3 1 1
github.com/JailtonJunior94/devkit-go/pkg/httpclient/retryable.go:72.54,73.54 1 1
github.com/JailtonJunior94/devkit-go/pkg/httpclient/retryable.go:73.54,75.3 1 1
github.com/JailtonJunior94/devkit-go/pkg/httpclient/retryable.go:78.49,79.54 1 1
github.com/JailtonJunior94/devkit-go/pkg/httpclient/retryable.go:79.54,81.3 1 1
github.com/JailtonJunior94/devkit-go/pkg/o11y/open_telemetry.go:76.56,78.33 2 0
github.com/JailtonJunior94/devkit-go/pkg/o11y/open_telemetry.go:78.33,80.3 1 0
github.com/JailtonJunior94/devkit-go/pkg/o11y/open_telemetry.go:81.2,81.22 1 0
github.com/JailtonJunior94/devkit-go/pkg/o11y/open_telemetry.go:84.84,92.2 1 0
github.com/JailtonJunior94/devkit-go/pkg/o11y/open_telemetry.go:94.47,96.2 1 0
github.com/JailtonJunior94/devkit-go/pkg/o11y/open_telemetry.go:98.63,100.2 1 0
github.com/JailtonJunior94/devkit-go/pkg/o11y/open_telemetry.go:102.67,104.2 1 0
github.com/JailtonJunior94/devkit-go/pkg/o11y/open_telemetry.go:106.55,108.2 1 0
github.com/JailtonJunior94/devkit-go/pkg/o11y/open_telemetry.go:110.120,111.20 1 0
github.com/JailtonJunior94/devkit-go/pkg/o11y/open_telemetry.go:111.20,114.3 2 0
github.com/JailtonJunior94/devkit-go/pkg/o11y/open_telemetry.go:115.2,116.54 2 0
github.com/JailtonJunior94/devkit-go/pkg/o11y/open_telemetry.go:119.78,121.2 1 0
github.com/JailtonJunior94/devkit-go/pkg/o11y/open_telemetry.go:123.103,126.29 3 0
github.com/JailtonJunior94/devkit-go/pkg/o11y/open_telemetry.go:126.29,127.28 1 0
github.com/JailtonJunior94/devkit-go/pkg/o11y/open_telemetry.go:128.15,129.77 1 0
github.com/JailtonJunior94/devkit-go/pkg/o11y/open_telemetry.go:130.12,131.80 1 0
github.com/JailtonJunior94/devkit-go/pkg/o11y/open_telemetry.go:132.14,133.75 1 0
github.com/JailtonJunior94/devkit-go/pkg/o11y/open_telemetry.go:134.16,135.79 1 0
github.com/JailtonJunior94/devkit-go/pkg/o11y/open_telemetry.go:136.13,137.73 1 0
github.com/JailtonJunior94/devkit-go/pkg/o11y/open_telemetry.go:138.14,139.84 1 0
github.com/JailtonJunior94/devkit-go/pkg/o11y/open_telemetry.go:140.11,140.11 0 0
github.com/JailtonJunior94/devkit-go/pkg/o11y/open_telemetry.go:145.99,147.29 2 0
github.com/JailtonJunior94/devkit-go/pkg/o11y/open_telemetry.go:147.29,152.3 1 0
github.com/JailtonJunior94/devkit-go/pkg/o11y/open_telemetry.go:154.2,154.19 1 0
github.com/JailtonJunior94/devkit-go/pkg/o11y/open_telemetry.go:154.19,157.3 2 0
github.com/JailtonJunior94/devkit-go/pkg/o11y/open_telemetry.go:158.2,158.54 1 0
github.com/JailtonJunior94/devkit-go/pkg/o11y/open_telemetry.go:161.49,162.44 1 0
github.com/JailtonJunior94/devkit-go/pkg/o11y/open_telemetry.go:162.44,164.3 1 0
github.com/JailtonJunior94/devkit-go/pkg/o11y/open_telemetry.go:167.55,168.44 1 0
github.com/JailtonJunior94/devkit-go/pkg/o11y/open_telemetry.go:168.44,170.3 1 0
github.com/JailtonJunior94/devkit-go/pkg/o11y/open_telemetry.go:173.28,174.44 1 0
github.com/JailtonJunior94/devkit-go/pkg/o11y/open_telemetry.go:174.44,186.17 3 0
github.com/JailtonJunior94/devkit-go/pkg/o11y/open_telemetry.go:186.17,188.4 1 0
github.com/JailtonJunior94/devkit-go/pkg/o11y/open_telemetry.go:189.3,189.36 1 0
github.com/JailtonJunior94/devkit-go/pkg/o11y/open_telemetry.go:193.70,194.44 1 0
github.com/JailtonJunior94/devkit-go/pkg/o11y/open_telemetry.go:194.44,200.17 2 0
github.com/JailtonJunior94/devkit-go/pkg/o11y/open_telemetry.go:200.17,202.4 1 0
github.com/JailtonJunior94/devkit-go/pkg/o11y/open_telemetry.go:204.3,213.48 5 0
github.com/JailtonJunior94/devkit-go/pkg/o11y/open_telemetry.go:217.70,218.44 1 0
github.com/JailtonJunior94/devkit-go/pkg/o11y/open_telemetry.go:218.44,220.17 2 0
github.com/JailtonJunior94/devkit-go/pkg/o11y/open_telemetry.go:220.17,222.4 1 0
github.com/JailtonJunior94/devkit-go/pkg/o11y/open_telemetry.go:224.3,238.51 5 0
github.com/JailtonJunior94/devkit-go/pkg/o11y/open_telemetry.go:242.40,243.44 1 0
github.com/JailtonJunior94/devkit-go/pkg/o11y/open_telemetry.go:243.44,245.17 2 0
github.com/JailtonJunior94/devkit-go/pkg/o11y/open_telemetry.go:245.17,247.4 1 0
github.com/JailtonJunior94/devkit-go/pkg/o11y/open_telemetry.go:249.3,255.48 3 0
github.com/JailtonJunior94/devkit-go/pkg/o11y/open_telemetry.go:259.69,260.44 1 0
github.com/JailtonJunior94/devkit-go/pkg/o11y/open_telemetry.go:260.44,266.17 2 0
github.com/JailtonJunior94/devkit-go/pkg/o11y/open_telemetry.go:266.17,268.4 1 0
github.com/JailtonJunior94/devkit-go/pkg/o11y/open_telemetry.go:270.3,279.46 3 0
github.com/JailtonJunior94/devkit-go/pkg/o11y/open_telemetry.go:283.39,284.44 1 0
github.com/JailtonJunior94/devkit-go/pkg/o11y/open_telemetry.go:284.44,286.17 2 0
github.com/JailtonJunior94/devkit-go/pkg/o11y/open_telemetry.go:286.17,288.4 1 0
github.com/JailtonJunior94/devkit-go/pkg/o11y/open_telemetry.go:290.3,299.46 3 0
github.com/JailtonJunior94/devkit-go/pkg/responses/responses.go:8.60,11.56 3 0
github.com/JailtonJunior94/devkit-go/pkg/responses/responses.go:11.56,12.13 1 0
github.com/JailtonJunior94/devkit-go/pkg/responses/responses.go:16.72,22.2 1 0
github.com/JailtonJunior94/devkit-go/pkg/vos/mechanism.go:11.36,13.2 1 0
github.com/JailtonJunior94/devkit-go/pkg/vos/money.go:14.36,16.2 1 0
github.com/JailtonJunior94/devkit-go/pkg/vos/money.go:18.39,20.2 1 0
github.com/JailtonJunior94/devkit-go/pkg/vos/money.go:22.39,24.2 1 0
github.com/JailtonJunior94/devkit-go/pkg/vos/money.go:26.42,28.2 1 0
github.com/JailtonJunior94/devkit-go/pkg/vos/money.go:30.52,31.18 1 0
github.com/JailtonJunior94/devkit-go/pkg/vos/money.go:31.18,33.3 1 0
github.com/JailtonJunior94/devkit-go/pkg/vos/money.go:34.2,34.45 1 0
github.com/JailtonJunior94/devkit-go/pkg/vos/money.go:37.32,40.2 2 0
github.com/JailtonJunior94/devkit-go/pkg/vos/money.go:42.41,44.2 1 0
github.com/JailtonJunior94/devkit-go/pkg/vos/money.go:46.43,48.2 1 0
github.com/JailtonJunior94/devkit-go/pkg/vos/money.go:50.46,52.2 1 0
github.com/JailtonJunior94/devkit-go/pkg/vos/money.go:54.32,56.2 1 0
github.com/JailtonJunior94/devkit-go/pkg/vos/nulable_time.go:10.48,12.2 1 0
github.com/JailtonJunior94/devkit-go/pkg/vos/percentage.go:12.46,14.2 1 0
github.com/JailtonJunior94/devkit-go/pkg/vos/percentage.go:16.54,18.2 1 0
github.com/JailtonJunior94/devkit-go/pkg/vos/percentage.go:20.54,22.2 1 0
github.com/JailtonJunior94/devkit-go/pkg/vos/percentage.go:24.52,26.2 1 0
github.com/JailtonJunior94/devkit-go/pkg/vos/percentage.go:28.62,29.18 1 0
github.com/JailtonJunior94/devkit-go/pkg/vos/percentage.go:29.18,31.3 1 0
github.com/JailtonJunior94/devkit-go/pkg/vos/percentage.go:32.2,32.50 1 0
github.com/JailtonJunior94/devkit-go/pkg/vos/percentage.go:35.37,37.2 1 0
github.com/JailtonJunior94/devkit-go/pkg/vos/percentage.go:39.51,41.2 1 0
github.com/JailtonJunior94/devkit-go/pkg/vos/percentage.go:43.53,45.2 1 0
github.com/JailtonJunior94/devkit-go/pkg/vos/percentage.go:47.56,49.2 1 0
github.com/JailtonJunior94/devkit-go/pkg/vos/percentage.go:51.42,53.2 1 0
github.com/JailtonJunior94/devkit-go/pkg/vos/ulid.go:19.30,22.16 3 0
github.com/JailtonJunior94/devkit-go/pkg/vos/ulid.go:22.16,24.3 1 0
github.com/JailtonJunior94/devkit-go/pkg/vos/ulid.go:26.2,30.38 2 0
github.com/JailtonJunior94/devkit-go/pkg/vos/ulid.go:30.38,32.3 1 0
github.com/JailtonJunior94/devkit-go/pkg/vos/ulid.go:33.2,33.16 1 0
github.com/JailtonJunior94/devkit-go/pkg/vos/ulid.go:36.52,38.16 2 0
github.com/JailtonJunior94/devkit-go/pkg/vos/ulid.go:38.16,40.3 1 0
github.com/JailtonJunior94/devkit-go/pkg/vos/ulid.go:42.2,46.38 2 0
github.com/JailtonJunior94/devkit-go/pkg/vos/ulid.go:46.38,48.3 1 0
github.com/JailtonJunior94/devkit-go/pkg/vos/ulid.go:49.2,49.16 1 0
github.com/JailtonJunior94/devkit-go/pkg/vos/ulid.go:52.32,53.39 1 0
github.com/JailtonJunior94/devkit-go/pkg/vos/ulid.go:53.39,55.3 1 0
github.com/JailtonJunior94/devkit-go/pkg/vos/ulid.go:56.2,56.12 1 0
github.com/JailtonJunior94/devkit-go/pkg/vos/ulid.go:59.31,61.2 1 0
github.com/JailtonJunior94/devkit-go/pkg/vos/uuid.go:17.30,19.16 2 0
github.com/JailtonJunior94/devkit-go/pkg/vos/uuid.go:19.16,21.3 1 0
github.com/JailtonJunior94/devkit-go/pkg/vos/uuid.go:23.2,27.38 2 0
github.com/JailtonJunior94/devkit-go/pkg/vos/uuid.go:27.38,29.3 1 0
github.com/JailtonJunior94/devkit-go/pkg/vos/uuid.go:30.2,30.16 1 0
github.com/JailtonJunior94/devkit-go/pkg/vos/uuid.go:33.52,35.16 2 0
github.com/JailtonJunior94/devkit-go/pkg/vos/uuid.go:35.16,37.3 1 0
github.com/JailtonJunior94/devkit-go/pkg/vos/uuid.go:39.2,43.38 2 0
github.com/JailtonJunior94/devkit-go/pkg/vos/uuid.go:43.38,45.3 1 0
github.com/JailtonJunior94/devkit-go/pkg/vos/uuid.go:46.2,46.16 1 0
github.com/JailtonJunior94/devkit-go/pkg/vos/uuid.go:49.49,54.38 2 0
github.com/JailtonJunior94/devkit-go/pkg/vos/uuid.go:54.38,56.3 1 0
github.com/JailtonJunior94/devkit-go/pkg/vos/uuid.go:57.2,57.16 1 0
github.com/JailtonJunior94/devkit-go/pkg/vos/uuid.go:60.34,61.26 1 0
github.com/JailtonJunior94/devkit-go/pkg/vos/uuid.go:61.26,63.3 1 0
github.com/JailtonJunior94/devkit-go/pkg/vos/uuid.go:64.2,64.12 1 0
github.com/JailtonJunior94/devkit-go/pkg/vos/uuid.go:67.33,69.2 1 0
github.com/JailtonJunior94/devkit-go/pkg/vos/uuid.go:71.32,73.2 1 0
github.com/JailtonJunior94/devkit-go/pkg/vos/uuid.go:75.34,77.2 1 0
github.com/JailtonJunior94/devkit-go/pkg/vos/uuid.go:79.39,80.15 1 0
github.com/JailtonJunior94/devkit-go/pkg/vos/uuid.go:80.15,82.3 1 0
github.com/JailtonJunior94/devkit-go/pkg/vos/uuid.go:84.2,84.18 1 0
github.com/JailtonJunior94/devkit-go/pkg/vos/uuid.go:84.18,86.3 1 0
github.com/JailtonJunior94/devkit-go/pkg/vos/uuid.go:88.2,88.26 1 0
github.com/JailtonJunior94/devkit-go/pkg/vos/uuid.go:88.26,90.3 1 0
github.com/JailtonJunior94/devkit-go/pkg/vos/uuid.go:91.2,91.18 1 0
github.com/JailtonJunior94/devkit-go/pkg/messaging/rabbitmq/config.go:25.52,33.2 1 1
github.com/JailtonJunior94/devkit-go/pkg/messaging/rabbitmq/config.go:35.77,38.2 2 1
github.com/JailtonJunior94/devkit-go/pkg/messaging/rabbitmq/config.go:40.74,43.2 2 1
github.com/JailtonJunior94/devkit-go/pkg/messaging/rabbitmq/config.go:45.66,48.2 2 1
github.com/JailtonJunior94/devkit-go/pkg/messaging/rabbitmq/config.go:50.76,53.2 2 1
github.com/JailtonJunior94/devkit-go/pkg/messaging/rabbitmq/config.go:55.46,58.2 2 1
github.com/JailtonJunior94/devkit-go/pkg/messaging/rabbitmq/config.go:60.48,63.2 2 1
github.com/JailtonJunior94/devkit-go/pkg/messaging/rabbitmq/config.go:65.53,66.65 1 1
github.com/JailtonJunior94/devkit-go/pkg/messaging/rabbitmq/config.go:66.65,68.3 1 0
github.com/JailtonJunior94/devkit-go/pkg/messaging/rabbitmq/config.go:70.2,70.26 1 1
github.com/JailtonJunior94/devkit-go/pkg/messaging/rabbitmq/config.go:70.26,71.40 1 1
github.com/JailtonJunior94/devkit-go/pkg/messaging/rabbitmq/config.go:71.40,72.118 1 1
github.com/JailtonJunior94/devkit-go/pkg/messaging/rabbitmq/config.go:72.118,74.5 1 0
github.com/JailtonJunior94/devkit-go/pkg/messaging/rabbitmq/config.go:78.2,78.25 1 1
github.com/JailtonJunior94/devkit-go/pkg/messaging/rabbitmq/config.go:78.25,79.38 1 1
github.com/JailtonJunior94/devkit-go/pkg/messaging/rabbitmq/config.go:79.38,81.18 2 2
github.com/JailtonJunior94/devkit-go/pkg/messaging/rabbitmq/config.go:81.18,83.5 1 0
github.com/JailtonJunior94/devkit-go/pkg/messaging/rabbitmq/config.go:85.4,85.54 1 2
github.com/JailtonJunior94/devkit-go/pkg/messaging/rabbitmq/config.go:85.54,87.5 1 0
github.com/JailtonJunior94/devkit-go/pkg/messaging/rabbitmq/config.go:89.4,89.56 1 2
github.com/JailtonJunior94/devkit-go/pkg/messaging/rabbitmq/config.go:89.56,91.5 1 0
github.com/JailtonJunior94/devkit-go/pkg/messaging/rabbitmq/config.go:93.4,93.30 1 2
github.com/JailtonJunior94/devkit-go/pkg/messaging/rabbitmq/config.go:93.30,94.110 1 2
github.com/JailtonJunior94/devkit-go/pkg/messaging/rabbitmq/config.go:94.110,96.6 1 0
github.com/JailtonJunior94/devkit-go/pkg/messaging/rabbitmq/config.go:99.4,99.95 1 2
github.com/JailtonJunior94/devkit-go/pkg/messaging/rabbitmq/config.go:99.95,101.5 1 0
github.com/JailtonJunior94/devkit-go/pkg/messaging/rabbitmq/config.go:105.2,105.15 1 1
github.com/JailtonJunior94/devkit-go/pkg/messaging/rabbitmq/config.go:108.54,109.16 1 2
github.com/JailtonJunior94/devkit-go/pkg/messaging/rabbitmq/config.go:109.16,111.3 1 0
github.com/JailtonJunior94/devkit-go/pkg/messaging/rabbitmq/config.go:113.2,115.16 3 2
github.com/JailtonJunior94/devkit-go/pkg/messaging/rabbitmq/config.go:115.16,117.3 1 0
github.com/JailtonJunior94/devkit-go/pkg/messaging/rabbitmq/config.go:118.2,118.12 1 2
github.com/JailtonJunior94/devkit-go/pkg/messaging/rabbitmq/config.go:121.56,122.18 1 2
github.com/JailtonJunior94/devkit-go/pkg/messaging/rabbitmq/config.go:122.18,124.3 1 0
github.com/JailtonJunior94/devkit-go/pkg/messaging/rabbitmq/config.go:126.2,132.16 3 2
github.com/JailtonJunior94/devkit-go/pkg/messaging/rabbitmq/config.go:132.16,134.3 1 0
github.com/JailtonJunior94/devkit-go/pkg/messaging/rabbitmq/config.go:135.2,135.12 1 2
github.com/JailtonJunior94/devkit-go/pkg/messaging/rabbitmq/config.go:138.58,140.17 2 2
github.com/JailtonJunior94/devkit-go/pkg/messaging/rabbitmq/config.go:140.17,143.3 2 2
github.com/JailtonJunior94/devkit-go/pkg/messaging/rabbitmq/config.go:144.2,144.13 1 2
github.com/JailtonJunior94/devkit-go/pkg/messaging/rabbitmq/config.go:153.50,158.2 1 0
github.com/JailtonJunior94/devkit-go/pkg/messaging/rabbitmq/config.go:160.66,166.2 1 2
github.com/JailtonJunior94/devkit-go/pkg/messaging/rabbitmq/config.go:173.51,178.2 1 1
github.com/JailtonJunior94/devkit-go/pkg/messaging/rabbitmq/consumer.go:32.65,37.30 2 0
github.com/JailtonJunior94/devkit-go/pkg/messaging/rabbitmq/consumer.go:37.30,39.3 1 0
github.com/JailtonJunior94/devkit-go/pkg/messaging/rabbitmq/consumer.go:41.2,42.16 2 0
github.com/JailtonJunior94/devkit-go/pkg/messaging/rabbitmq/consumer.go:42.16,44.3 1 0
github.com/JailtonJunior94/devkit-go/pkg/messaging/rabbitmq/consumer.go:46.2,47.22 2 0
github.com/JailtonJunior94/devkit-go/pkg/messaging/rabbitmq/consumer.go:50.86,52.2 1 0
github.com/JailtonJunior94/devkit-go/pkg/messaging/rabbitmq/consumer.go:54.55,55.60 1 0
github.com/JailtonJunior94/devkit-go/pkg/messaging/rabbitmq/consumer.go:55.60,57.3 1 0
github.com/JailtonJunior94/devkit-go/pkg/messaging/rabbitmq/consumer.go:59.2,68.16 2 0
github.com/JailtonJunior94/devkit-go/pkg/messaging/rabbitmq/consumer.go:68.16,70.3 1 0
github.com/JailtonJunior94/devkit-go/pkg/messaging/rabbitmq/consumer.go:72.2,72.12 1 0
github.com/JailtonJunior94/devkit-go/pkg/messaging/rabbitmq/consumer.go:72.12,73.33 1 0
github.com/JailtonJunior94/devkit-go/pkg/messaging/rabbitmq/consumer.go:73.33,75.15 2 0
github.com/JailtonJunior94/devkit-go/pkg/messaging/rabbitmq/consumer.go:75.15,77.13 2 0
github.com/JailtonJunior94/devkit-go/pkg/messaging/rabbitmq/consumer.go:79.4,79.39 1 0
github.com/JailtonJunior94/devkit-go/pkg/messaging/rabbitmq/consumer.go:83.2,83.12 1 0
github.com/JailtonJunior94/devkit-go/pkg/messaging/rabbitmq/consumer.go:86.60,88.2 1 0
github.com/JailtonJunior94/devkit-go/pkg/messaging/rabbitmq/consumer.go:90.34,92.2 1 0
github.com/JailtonJunior94/devkit-go/pkg/messaging/rabbitmq/consumer.go:94.88,96.2 1 0
github.com/JailtonJunior94/devkit-go/pkg/messaging/rabbitmq/consumer.go:98.110,100.16 2 0
github.com/JailtonJunior94/devkit-go/pkg/messaging/rabbitmq/consumer.go:100.16,101.60 1 0
github.com/JailtonJunior94/devkit-go/pkg/messaging/rabbitmq/consumer.go:101.60,103.4 1 0
github.com/JailtonJunior94/devkit-go/pkg/messaging/rabbitmq/consumer.go:106.2,106.43 1 0
github.com/JailtonJunior94/devkit-go/pkg/messaging/rabbitmq/consumer.go:106.43,108.3 1 0
github.com/JailtonJunior94/devkit-go/pkg/messaging/rabbitmq/consumer.go:111.80,112.23 1 0
github.com/JailtonJunior94/devkit-go/pkg/messaging/rabbitmq/consumer.go:112.23,113.53 1 0
github.com/JailtonJunior94/devkit-go/pkg/messaging/rabbitmq/consumer.go:113.53,115.4 1 0
github.com/JailtonJunior94/devkit-go/pkg/messaging/rabbitmq/consumer.go:117.2,117.32 1 0
github.com/JailtonJunior94/devkit-go/pkg/messaging/rabbitmq/consumer.go:120.55,122.29 2 0
github.com/JailtonJunior94/devkit-go/pkg/messaging/rabbitmq/consumer.go:122.29,124.3 1 0
github.com/JailtonJunior94/devkit-go/pkg/messaging/rabbitmq/consumer.go:126.2,126.31 1 0
github.com/JailtonJunior94/devkit-go/pkg/messaging/rabbitmq/consumer.go:126.31,128.10 2 0
github.com/JailtonJunior94/devkit-go/pkg/messaging/rabbitmq/consumer.go:128.10,130.4 1 0
github.com/JailtonJunior94/devkit-go/pkg/messaging/rabbitmq/consumer.go:131.3,131.61 1 0
github.com/JailtonJunior94/devkit-go/pkg/messaging/rabbitmq/consumer.go:131.61,133.4 1 0
github.com/JailtonJunior94/devkit-go/pkg/messaging/rabbitmq/consumer.go:135.2,135.14 1 0
github.com/JailtonJunior94/devkit-go/pkg/messaging/rabbitmq/consumer.go:138.76,145.16 3 0
github.com/JailtonJunior94/devkit-go/pkg/messaging/rabbitmq/consumer.go:145.16,147.3 1 0
github.com/JailtonJunior94/devkit-go/pkg/messaging/rabbitmq/consumer.go:148.2,148.12 1 0
github.com/JailtonJunior94/devkit-go/pkg/messaging/rabbitmq/consumer.go:151.76,153.43 2 0
github.com/JailtonJunior94/devkit-go/pkg/messaging/rabbitmq/consumer.go:153.43,155.3 1 0
github.com/JailtonJunior94/devkit-go/pkg/messaging/rabbitmq/consumer.go:156.2,156.16 1 0
github.com/JailtonJunior94/devkit-go/pkg/messaging/rabbitmq/consumer.go:159.35,160.34 1 0
github.com/JailtonJunior94/devkit-go/pkg/messaging/rabbitmq/consumer.go:160.34,162.3 1 0
github.com/JailtonJunior94/devkit-go/pkg/messaging/rabbitmq/consumer.go:165.51,166.34 1 0
github.com/JailtonJunior94/devkit-go/pkg/messaging/rabbitmq/consumer.go:166.34,168.3 1 0
github.com/JailtonJunior94/devkit-go/pkg/messaging/rabbitmq/consumer.go:171.43,172.34 1 0
github.com/JailtonJunior94/devkit-go/pkg/messaging/rabbitmq/consumer.go:172.34,174.3 1 0
github.com/JailtonJunior94/devkit-go/pkg/messaging/rabbitmq/consumer.go:177.36,178.34 1 0
github.com/JailtonJunior94/devkit-go/pkg/messaging/rabbitmq/consumer.go:178.34,180.3 1 0
github.com/JailtonJunior94/devkit-go/pkg/messaging/rabbitmq/consumer.go:183.35,184.34 1 0
github.com/JailtonJunior94/devkit-go/pkg/messaging/rabbitmq/consumer.go:184.34,186.3 1 0
github.com/JailtonJunior94/devkit-go/pkg/messaging/rabbitmq/consumer.go:189.39,190.34 1 0
github.com/JailtonJunior94/devkit-go/pkg/messaging/rabbitmq/consumer.go:190.34,192.3 1 0
github.com/JailtonJunior94/devkit-go/pkg/messaging/rabbitmq/consumer.go:195.43,196.34 1 0
github.com/JailtonJunior94/devkit-go/pkg/messaging/rabbitmq/consumer.go:196.34,198.3 1 0
github.com/JailtonJunior94/devkit-go/pkg/messaging/rabbitmq/consumer.go:201.39,202.34 1 0
github.com/JailtonJunior94/devkit-go/pkg/messaging/rabbitmq/consumer.go:202.34,204.3 1 0
github.com/JailtonJunior94/devkit-go/pkg/messaging/rabbitmq/consumer.go:207.37,208.34 1 0
github.com/JailtonJunior94/devkit-go/pkg/messaging/rabbitmq/consumer.go:208.34,210.3 1 0
github.com/JailtonJunior94/devkit-go/pkg/messaging/rabbitmq/consumer.go:213.39,214.34 1 0
github.com/JailtonJunior94/devkit-go/pkg/messaging/rabbitmq/consumer.go:214.34,216.3 1 0
github.com/JailtonJunior94/devkit-go/pkg/messaging/rabbitmq/publisher.go:18.70,20.2 1 1
github.com/JailtonJunior94/devkit-go/pkg/messaging/rabbitmq/publisher.go:22.136,29.34 2 1
github.com/JailtonJunior94/devkit-go/pkg/messaging/rabbitmq/publisher.go:29.34,31.3 1 2
github.com/JailtonJunior94/devkit-go/pkg/messaging/rabbitmq/publisher.go:32.2,32.80 1 1
github.com/JailtonJunior94/devkit-go/pkg/messaging/rabbitmq/publisher.go:35.137,37.2 1 0
github.com/JailtonJunior94/devkit-go/pkg/messaging/rabbitmq/publisher.go:39.34,41.2 1 0
github.com/JailtonJunior94/devkit-go/pkg/messaging/rabbitmq/test_helper.go:15.53,20.16 4 1
github.com/JailtonJunior94/devkit-go/pkg/messaging/rabbitmq/test_helper.go:20.16,22.3 1 0
github.com/JailtonJunior94/devkit-go/pkg/messaging/rabbitmq/test_helper.go:24.2,25.16 2 1
github.com/JailtonJunior94/devkit-go/pkg/messaging/rabbitmq/test_helper.go:25.16,27.3 1 0
github.com/JailtonJunior94/devkit-go/pkg/messaging/rabbitmq/test_helper.go:29.2,32.3 1 1
github.com/JailtonJunior94/devkit-go/pkg/messaging/rabbitmq/test_helper.go:35.52,36.68 1 1
github.com/JailtonJunior94/devkit-go/pkg/messaging/rabbitmq/test_helper.go:36.68,38.3 1 0
github.com/JailtonJunior94/devkit-go/pkg/messaging/kafka/broker.go:25.120,33.13 3 0
github.com/JailtonJunior94/devkit-go/pkg/messaging/kafka/broker.go:33.13,35.3 1 0
github.com/JailtonJunior94/devkit-go/pkg/messaging/kafka/broker.go:37.2,38.16 2 0
github.com/JailtonJunior94/devkit-go/pkg/messaging/kafka/broker.go:38.16,40.3 1 0
github.com/JailtonJunior94/devkit-go/pkg/messaging/kafka/broker.go:42.2,43.16 2 0
github.com/JailtonJunior94/devkit-go/pkg/messaging/kafka/broker.go:43.16,45.3 1 0
github.com/JailtonJunior94/devkit-go/pkg/messaging/kafka/broker.go:47.2,51.8 1 0
github.com/JailtonJunior94/devkit-go/pkg/messaging/kafka/broker.go:54.32,56.2 1 0
github.com/JailtonJunior94/devkit-go/pkg/messaging/kafka/broker_strategy.go:18.78,23.2 1 0
github.com/JailtonJunior94/devkit-go/pkg/messaging/kafka/broker_strategy.go:27.74,43.2 3 0
github.com/JailtonJunior94/devkit-go/pkg/messaging/kafka/broker_strategy.go:47.74,49.16 2 0
github.com/JailtonJunior94/devkit-go/pkg/messaging/kafka/broker_strategy.go:49.16,51.3 1 0
github.com/JailtonJunior94/devkit-go/pkg/messaging/kafka/broker_strategy.go:53.2,60.8 1 0
github.com/JailtonJunior94/devkit-go/pkg/messaging/kafka/client.go:22.75,50.23 22 2
github.com/JailtonJunior94/devkit-go/pkg/messaging/kafka/client.go:50.23,55.72 5 0
github.com/JailtonJunior94/devkit-go/pkg/messaging/kafka/client.go:55.72,57.4 1 0
github.com/JailtonJunior94/devkit-go/pkg/messaging/kafka/client.go:58.3,58.32 1 0
github.com/JailtonJunior94/devkit-go/pkg/messaging/kafka/client.go:61.2,62.16 2 2
github.com/JailtonJunior94/devkit-go/pkg/messaging/kafka/client.go:62.16,64.3 1 0
github.com/JailtonJunior94/devkit-go/pkg/messaging/kafka/client.go:65.2,65.37 1 2
github.com/JailtonJunior94/devkit-go/pkg/messaging/kafka/client.go:79.80,81.16 2 0
github.com/JailtonJunior94/devkit-go/pkg/messaging/kafka/client.go:81.16,83.3 1 0
github.com/JailtonJunior94/devkit-go/pkg/messaging/kafka/client.go:84.2,85.12 2 0
github.com/JailtonJunior94/devkit-go/pkg/messaging/kafka/client.go:88.78,91.2 2 0
github.com/JailtonJunior94/devkit-go/pkg/messaging/kafka/client.go:93.38,95.2 1 0
github.com/JailtonJunior94/devkit-go/pkg/messaging/kafka/config.go:27.60,29.16 2 2
github.com/JailtonJunior94/devkit-go/pkg/messaging/kafka/config.go:29.16,31.3 1 0
github.com/JailtonJunior94/devkit-go/pkg/messaging/kafka/config.go:32.2,32.51 1 2
github.com/JailtonJunior94/devkit-go/pkg/messaging/kafka/config.go:35.94,41.2 1 3
github.com/JailtonJunior94/devkit-go/pkg/messaging/kafka/config.go:43.75,46.2 2 2
github.com/JailtonJunior94/devkit-go/pkg/messaging/kafka/config.go:48.38,49.23 1 2
github.com/JailtonJunior94/devkit-go/pkg/messaging/kafka/config.go:49.23,50.34 1 2
github.com/JailtonJunior94/devkit-go/pkg/messaging/kafka/config.go:50.34,59.18 2 3
github.com/JailtonJunior94/devkit-go/pkg/messaging/kafka/config.go:59.18,61.5 1 0
github.com/JailtonJunior94/devkit-go/pkg/messaging/kafka/config.go:64.2,64.12 1 2
github.com/JailtonJunior94/devkit-go/pkg/messaging/kafka/config.go:67.59,69.16 2 2
github.com/JailtonJunior94/devkit-go/pkg/messaging/kafka/config.go:69.16,71.3 1 0
github.com/JailtonJunior94/devkit-go/pkg/messaging/kafka/config.go:73.2,73.64 1 2
github.com/JailtonJunior94/devkit-go/pkg/messaging/kafka/config.go:73.64,75.3 1 0
github.com/JailtonJunior94/devkit-go/pkg/messaging/kafka/config.go:76.2,76.30 1 2
github.com/JailtonJunior94/devkit-go/pkg/messaging/kafka/config.go:79.38,81.2 1 0
github.com/JailtonJunior94/devkit-go/pkg/messaging/kafka/consumer.go:34.36,35.34 1 0
github.com/JailtonJunior94/devkit-go/pkg/messaging/kafka/consumer.go:35.34,37.3 1 0
github.com/JailtonJunior94/devkit-go/pkg/messaging/kafka/consumer.go:40.41,41.34 1 0
github.com/JailtonJunior94/devkit-go/pkg/messaging/kafka/consumer.go:41.34,43.3 1 0
github.com/JailtonJunior94/devkit-go/pkg/messaging/kafka/consumer.go:52.41,53.34 1 0
github.com/JailtonJunior94/devkit-go/pkg/messaging/kafka/consumer.go:53.34,55.3 1 0
github.com/JailtonJunior94/devkit-go/pkg/messaging/kafka/consumer.go:64.38,65.34 1 0
github.com/JailtonJunior94/devkit-go/pkg/messaging/kafka/consumer.go:65.34,68.3 2 0
github.com/JailtonJunior94/devkit-go/pkg/messaging/kafka/consumer.go:71.40,72.34 1 0
github.com/JailtonJunior94/devkit-go/pkg/messaging/kafka/consumer.go:72.34,75.3 2 0
github.com/JailtonJunior94/devkit-go/pkg/messaging/kafka/consumer.go:78.56,82.30 2 0
github.com/JailtonJunior94/devkit-go/pkg/messaging/kafka/consumer.go:82.30,84.3 1 0
github.com/JailtonJunior94/devkit-go/pkg/messaging/kafka/consumer.go:85.2,85.17 1 0
github.com/JailtonJunior94/devkit-go/pkg/messaging/kafka/consumer.go:88.88,90.2 1 0
github.com/JailtonJunior94/devkit-go/pkg/messaging/kafka/consumer.go:92.55,93.12 1 0
github.com/JailtonJunior94/devkit-go/pkg/messaging/kafka/consumer.go:93.12,94.7 1 0
github.com/JailtonJunior94/devkit-go/pkg/messaging/kafka/consumer.go:94.7,96.18 2 0
github.com/JailtonJunior94/devkit-go/pkg/messaging/kafka/consumer.go:96.18,98.5 1 0
github.com/JailtonJunior94/devkit-go/pkg/messaging/kafka/consumer.go:100.4,100.24 1 0
github.com/JailtonJunior94/devkit-go/pkg/messaging/kafka/consumer.go:100.24,102.5 1 0
github.com/JailtonJunior94/devkit-go/pkg/messaging/kafka/consumer.go:103.4,103.29 1 0
github.com/JailtonJunior94/devkit-go/pkg/messaging/kafka/consumer.go:106.2,106.12 1 0
github.com/JailtonJunior94/devkit-go/pkg/messaging/kafka/consumer.go:109.60,111.2 1 0
github.com/JailtonJunior94/devkit-go/pkg/messaging/kafka/consumer.go:113.34,115.2 1 0
github.com/JailtonJunior94/devkit-go/pkg/messaging/kafka/consumer.go:117.162,119.16 2 0
github.com/JailtonJunior94/devkit-go/pkg/messaging/kafka/consumer.go:119.16,122.3 2 0
github.com/JailtonJunior94/devkit-go/pkg/messaging/kafka/consumer.go:123.2,125.12 3 0
github.com/JailtonJunior94/devkit-go/pkg/messaging/kafka/consumer.go:128.86,130.2 1 0
github.com/JailtonJunior94/devkit-go/pkg/messaging/kafka/consumer.go:132.134,134.12 2 0
github.com/JailtonJunior94/devkit-go/pkg/messaging/kafka/consumer.go:134.12,135.32 1 0
github.com/JailtonJunior94/devkit-go/pkg/messaging/kafka/consumer.go:135.32,136.33 1 0
github.com/JailtonJunior94/devkit-go/pkg/messaging/kafka/consumer.go:136.33,137.54 1 0
github.com/JailtonJunior94/devkit-go/pkg/messaging/kafka/consumer.go:137.54,139.6 1 0
github.com/JailtonJunior94/devkit-go/pkg/messaging/kafka/consumer.go:140.5,140.10 1 0
github.com/JailtonJunior94/devkit-go/pkg/messaging/kafka/consumer.go:143.4,143.74 1 0
github.com/JailtonJunior94/devkit-go/pkg/messaging/kafka/consumer.go:143.74,144.38 1 0
github.com/JailtonJunior94/devkit-go/pkg/messaging/kafka/consumer.go:144.38,145.69 1 0
github.com/JailtonJunior94/devkit-go/pkg/messaging/kafka/consumer.go:145.69,147.15 2 0
github.com/JailtonJunior94/devkit-go/pkg/messaging/kafka/consumer.go:153.2,153.12 1 0
github.com/JailtonJunior94/devkit-go/pkg/messaging/kafka/consumer.go:156.101,157.18 1 0
github.com/JailtonJunior94/devkit-go/pkg/messaging/kafka/consumer.go:157.18,159.3 1 0
github.com/JailtonJunior94/devkit-go/pkg/messaging/kafka/consumer.go:161.2,168.4 2 0
github.com/JailtonJunior94/devkit-go/pkg/messaging/kafka/consumer.go:171.85,173.41 2 0
github.com/JailtonJunior94/devkit-go/pkg/messaging/kafka/consumer.go:173.41,175.3 1 0
github.com/JailtonJunior94/devkit-go/pkg/messaging/kafka/consumer.go:176.2,176.16 1 0
github.com/JailtonJunior94/devkit-go/pkg/messaging/kafka/consumer.go:179.109,180.40 1 0
github.com/JailtonJunior94/devkit-go/pkg/messaging/kafka/consumer.go:180.40,181.77 1 0
github.com/JailtonJunior94/devkit-go/pkg/messaging/kafka/consumer.go:181.77,182.37 1 0
github.com/JailtonJunior94/devkit-go/pkg/messaging/kafka/consumer.go:182.37,183.89 1 0
github.com/JailtonJunior94/devkit-go/pkg/messaging/kafka/consumer.go:183.89,185.14 2 0
github.com/JailtonJunior94/devkit-go/pkg/messaging/kafka/consumer.go:190.2,190.12 1 0
github.com/JailtonJunior94/devkit-go/pkg/messaging/kafka/consumer.go:193.61,195.2 1 0
github.com/JailtonJunior94/devkit-go/pkg/messaging/kafka/consumer.go:197.63,199.2 1 0
github.com/JailtonJunior94/devkit-go/pkg/messaging/kafka/producer.go:15.71,21.2 2 0
github.com/JailtonJunior94/devkit-go/pkg/messaging/kafka/producer.go:23.136,30.34 2 0
github.com/JailtonJunior94/devkit-go/pkg/messaging/kafka/producer.go:30.34,32.3 1 0
github.com/JailtonJunior94/devkit-go/pkg/messaging/kafka/producer.go:34.2,34.52 1 0
github.com/JailtonJunior94/devkit-go/pkg/messaging/kafka/producer.go:37.144,40.35 2 0
github.com/JailtonJunior94/devkit-go/pkg/messaging/kafka/producer.go:40.35,47.46 2 0
github.com/JailtonJunior94/devkit-go/pkg/messaging/kafka/producer.go:47.46,49.4 1 0
github.com/JailtonJunior94/devkit-go/pkg/messaging/kafka/producer.go:51.3,51.47 1 0
github.com/JailtonJunior94/devkit-go/pkg/messaging/kafka/producer.go:51.47,53.4 1 0
github.com/JailtonJunior94/devkit-go/pkg/messaging/kafka/producer.go:56.2,56.56 1 0
github.com/JailtonJunior94/devkit-go/pkg/messaging/kafka/producer.go:59.34,61.2 1 0
github.com/JailtonJunior94/devkit-go/pkg/messaging/kafka/publisher.go:17.64,19.16 2 1
github.com/JailtonJunior94/devkit-go/pkg/messaging/kafka/publisher.go:19.16,21.3 1 0
github.com/JailtonJunior94/devkit-go/pkg/messaging/kafka/publisher.go:22.2,22.44 1 1
github.com/JailtonJunior94/devkit-go/pkg/messaging/kafka/publisher.go:25.137,32.34 2 1
github.com/JailtonJunior94/devkit-go/pkg/messaging/kafka/publisher.go:32.34,34.3 1 2
github.com/JailtonJunior94/devkit-go/pkg/messaging/kafka/publisher.go:36.2,37.16 2 1
github.com/JailtonJunior94/devkit-go/pkg/messaging/kafka/publisher.go:37.16,39.3 1 0
github.com/JailtonJunior94/devkit-go/pkg/messaging/kafka/publisher.go:41.2,42.12 2 1
github.com/JailtonJunior94/devkit-go/pkg/messaging/kafka/publisher.go:45.138,47.2 1 0
github.com/JailtonJunior94/devkit-go/pkg/messaging/kafka/publisher.go:49.35,51.2 1 0
github.com/JailtonJunior94/devkit-go/pkg/messaging/kafka/reader.go:39.88,44.33 2 0
github.com/JailtonJunior94/devkit-go/pkg/messaging/kafka/reader.go:44.33,46.3 1 0
github.com/JailtonJunior94/devkit-go/pkg/messaging/kafka/reader.go:48.2,61.22 4 0
github.com/JailtonJunior94/devkit-go/pkg/messaging/kafka/reader.go:64.53,65.12 1 0
github.com/JailtonJunior94/devkit-go/pkg/messaging/kafka/reader.go:65.12,66.7 1 0
github.com/JailtonJunior94/devkit-go/pkg/messaging/kafka/reader.go:66.7,68.18 2 0
github.com/JailtonJunior94/devkit-go/pkg/messaging/kafka/reader.go:68.18,70.13 2 0
github.com/JailtonJunior94/devkit-go/pkg/messaging/kafka/reader.go:73.4,73.74 1 0
github.com/JailtonJunior94/devkit-go/pkg/messaging/kafka/reader.go:73.74,74.38 1 0
github.com/JailtonJunior94/devkit-go/pkg/messaging/kafka/reader.go:74.38,75.60 1 0
github.com/JailtonJunior94/devkit-go/pkg/messaging/kafka/reader.go:75.60,77.15 2 0
github.com/JailtonJunior94/devkit-go/pkg/messaging/kafka/reader.go:83.2,83.12 1 0
github.com/JailtonJunior94/devkit-go/pkg/messaging/kafka/reader.go:86.58,87.12 1 0
github.com/JailtonJunior94/devkit-go/pkg/messaging/kafka/reader.go:87.12,88.7 1 0
github.com/JailtonJunior94/devkit-go/pkg/messaging/kafka/reader.go:88.7,90.18 2 0
github.com/JailtonJunior94/devkit-go/pkg/messaging/kafka/reader.go:90.18,91.22 1 0
github.com/JailtonJunior94/devkit-go/pkg/messaging/kafka/reader.go:91.22,92.14 1 0
github.com/JailtonJunior94/devkit-go/pkg/messaging/kafka/reader.go:94.5,95.13 2 0
github.com/JailtonJunior94/devkit-go/pkg/messaging/kafka/reader.go:98.4,98.78 1 0
github.com/JailtonJunior94/devkit-go/pkg/messaging/kafka/reader.go:98.78,99.38 1 0
github.com/JailtonJunior94/devkit-go/pkg/messaging/kafka/reader.go:99.38,100.64 1 0
github.com/JailtonJunior94/devkit-go/pkg/messaging/kafka/reader.go:100.64,102.15 2 0
github.com/JailtonJunior94/devkit-go/pkg/messaging/kafka/reader.go:108.2,108.12 1 0
github.com/JailtonJunior94/devkit-go/pkg/messaging/kafka/reader.go:111.84,114.24 2 0
github.com/JailtonJunior94/devkit-go/pkg/messaging/kafka/reader.go:114.24,116.3 1 0
github.com/JailtonJunior94/devkit-go/pkg/messaging/kafka/reader.go:118.2,118.12 1 0
github.com/JailtonJunior94/devkit-go/pkg/messaging/kafka/reader.go:118.12,119.7 1 0
github.com/JailtonJunior94/devkit-go/pkg/messaging/kafka/reader.go:119.7,121.18 2 0
github.com/JailtonJunior94/devkit-go/pkg/messaging/kafka/reader.go:121.18,123.22 2 0
github.com/JailtonJunior94/devkit-go/pkg/messaging/kafka/reader.go:123.22,124.14 1 0
github.com/JailtonJunior94/devkit-go/pkg/messaging/kafka/reader.go:126.5,126.10 1 0
github.com/JailtonJunior94/devkit-go/pkg/messaging/kafka/reader.go:128.4,128.22 1 0
github.com/JailtonJunior94/devkit-go/pkg/messaging/kafka/reader.go:130.3,130.21 1 0
github.com/JailtonJunior94/devkit-go/pkg/messaging/kafka/reader.go:133.2,133.12 1 0
github.com/JailtonJunior94/devkit-go/pkg/messaging/kafka/reader.go:136.32,138.2 1 0
github.com/JailtonJunior94/devkit-go/pkg/messaging/kafka/reader.go:140.80,141.35 1 0
github.com/JailtonJunior94/devkit-go/pkg/messaging/kafka/reader.go:141.35,143.48 2 0
github.com/JailtonJunior94/devkit-go/pkg/messaging/kafka/reader.go:143.48,144.37 1 0
github.com/JailtonJunior94/devkit-go/pkg/messaging/kafka/reader.go:144.37,145.63 1 0
github.com/JailtonJunior94/devkit-go/pkg/messaging/kafka/reader.go:145.63,147.14 2 0
github.com/JailtonJunior94/devkit-go/pkg/messaging/kafka/reader.go:150.9,152.4 1 0
github.com/JailtonJunior94/devkit-go/pkg/messaging/kafka/reader.go:156.86,158.2 1 0
github.com/JailtonJunior94/devkit-go/pkg/messaging/kafka/reader.go:160.73,162.41 2 0
github.com/JailtonJunior94/devkit-go/pkg/messaging/kafka/reader.go:162.41,164.3 1 0
github.com/JailtonJunior94/devkit-go/pkg/messaging/kafka/reader.go:165.2,165.16 1 0
github.com/JailtonJunior94/devkit-go/pkg/messaging/kafka/reader.go:168.113,170.16 2 0
github.com/JailtonJunior94/devkit-go/pkg/messaging/kafka/reader.go:170.16,173.3 2 0
github.com/JailtonJunior94/devkit-go/pkg/messaging/kafka/reader.go:175.2,175.67 1 0
github.com/JailtonJunior94/devkit-go/pkg/messaging/kafka/reader.go:175.67,177.3 1 0
github.com/JailtonJunior94/devkit-go/pkg/messaging/kafka/reader.go:178.2,178.12 1 0
github.com/JailtonJunior94/devkit-go/pkg/messaging/kafka/reader.go:181.85,183.12 2 0
github.com/JailtonJunior94/devkit-go/pkg/messaging/kafka/reader.go:183.12,184.32 1 0
github.com/JailtonJunior94/devkit-go/pkg/messaging/kafka/reader.go:184.32,185.33 1 0
github.com/JailtonJunior94/devkit-go/pkg/messaging/kafka/reader.go:185.33,186.54 1 0
github.com/JailtonJunior94/devkit-go/pkg/messaging/kafka/reader.go:186.54,188.6 1 0
github.com/JailtonJunior94/devkit-go/pkg/messaging/kafka/reader.go:189.5,189.10 1 0
github.com/JailtonJunior94/devkit-go/pkg/messaging/kafka/reader.go:192.4,192.78 1 0
github.com/JailtonJunior94/devkit-go/pkg/messaging/kafka/reader.go:192.78,193.38 1 0
github.com/JailtonJunior94/devkit-go/pkg/messaging/kafka/reader.go:193.38,194.64 1 0
github.com/JailtonJunior94/devkit-go/pkg/messaging/kafka/reader.go:194.64,196.15 2 0
github.com/JailtonJunior94/devkit-go/pkg/messaging/kafka/reader.go:202.2,202.12 1 0
github.com/JailtonJunior94/devkit-go/pkg/messaging/kafka/reader.go:205.89,206.18 1 0
github.com/JailtonJunior94/devkit-go/pkg/messaging/kafka/reader.go:206.18,208.3 1 0
github.com/JailtonJunior94/devkit-go/pkg/messaging/kafka/reader.go:210.2,216.120 2 0
github.com/JailtonJunior94/devkit-go/pkg/messaging/kafka/reader.go:219.38,220.30 1 0
github.com/JailtonJunior94/devkit-go/pkg/messaging/kafka/reader.go:220.30,222.3 1 0
github.com/JailtonJunior94/devkit-go/pkg/messaging/kafka/reader.go:225.45,226.30 1 0
github.com/JailtonJunior94/devkit-go/pkg/messaging/kafka/reader.go:226.30,228.3 1 0
github.com/JailtonJunior94/devkit-go/pkg/messaging/kafka/reader.go:231.51,232.30 1 0
github.com/JailtonJunior94/devkit-go/pkg/messaging/kafka/reader.go:232.30,234.3 1 0
github.com/JailtonJunior94/devkit-go/pkg/messaging/kafka/reader.go:237.42,238.30 1 0
github.com/JailtonJunior94/devkit-go/pkg/messaging/kafka/reader.go:238.30,240.3 1 0
github.com/JailtonJunior94/devkit-go/pkg/messaging/kafka/reader.go:243.39,244.30 1 0
github.com/JailtonJunior94/devkit-go/pkg/messaging/kafka/reader.go:244.30,246.3 1 0
github.com/JailtonJunior94/devkit-go/pkg/messaging/kafka/reader.go:249.48,250.30 1 0
github.com/JailtonJunior94/devkit-go/pkg/messaging/kafka/reader.go:250.30,253.3 2 0
github.com/JailtonJunior94/devkit-go/pkg/messaging/kafka/reader.go:256.50,257.30 1 0
github.com/JailtonJunior94/devkit-go/pkg/messaging/kafka/reader.go:257.30,259.3 1 0
github.com/JailtonJunior94/devkit-go/pkg/messaging/kafka/test_helper.go:15.47,24.16 4 2
github.com/JailtonJunior94/devkit-go/pkg/messaging/kafka/test_helper.go:24.16,26.3 1 0
github.com/JailtonJunior94/devkit-go/pkg/messaging/kafka/test_helper.go:28.2,29.16 2 2
github.com/JailtonJunior94/devkit-go/pkg/messaging/kafka/test_helper.go:29.16,31.3 1 0
github.com/JailtonJunior94/devkit-go/pkg/messaging/kafka/test_helper.go:33.2,36.3 1 2
github.com/JailtonJunior94/devkit-go/pkg/messaging/kafka/test_helper.go:39.49,40.68 1 1
github.com/JailtonJunior94/devkit-go/pkg/messaging/kafka/test_helper.go:40.68,42.3 1 0
